::1 - - [08/Feb/2024:20:18:37 +0000] "GET / HTTP/1.1" 304 - "-" "Mozilla/5.0 (Macintosh; Intel Mac OS X 10_15_7) AppleWebKit/537.36 (KHTML, like Gecko) Chrome/121.0.0.0 Safari/537.36"
::1 - - [08/Feb/2024:20:35:50 +0000] "POST /api/iot/ HTTP/1.1" 500 77 "-" "PostmanRuntime/7.36.1"
::1 - - [08/Feb/2024:20:48:11 +0000] "POST /api/iot/ HTTP/1.1" 500 77 "-" "PostmanRuntime/7.36.1"
::1 - - [08/Feb/2024:20:49:44 +0000] "POST /api/iot/ HTTP/1.1" 500 77 "-" "PostmanRuntime/7.36.1"
::1 - - [08/Feb/2024:20:50:46 +0000] "POST /api/iot/ HTTP/1.1" 500 435 "-" "PostmanRuntime/7.36.1"
::1 - - [08/Feb/2024:20:51:23 +0000] "POST /api/iot/ HTTP/1.1" 200 215 "-" "PostmanRuntime/7.36.1"
::1 - - [08/Feb/2024:20:52:29 +0000] "POST /api/iot/ HTTP/1.1" 200 215 "-" "PostmanRuntime/7.36.1"
::1 - - [08/Feb/2024:21:01:30 +0000] "POST /api/iot/ HTTP/1.1" 200 215 "-" "PostmanRuntime/7.36.1"
::1 - - [08/Feb/2024:21:06:00 +0000] "POST /api/iot/ HTTP/1.1" 200 215 "-" "PostmanRuntime/7.36.1"
::1 - - [08/Feb/2024:21:08:23 +0000] "POST /api/iot/ HTTP/1.1" 200 215 "-" "PostmanRuntime/7.36.1"
::1 - - [08/Feb/2024:21:08:45 +0000] "POST /api/iot/ HTTP/1.1" 200 215 "-" "PostmanRuntime/7.36.1"
::1 - - [08/Feb/2024:21:19:21 +0000] "POST /api/iot/ HTTP/1.1" 200 215 "-" "node"
::1 - - [08/Feb/2024:21:19:36 +0000] "POST /api/iot/ HTTP/1.1" 200 212 "-" "node"
::1 - - [08/Feb/2024:21:27:11 +0000] "GET /stream HTTP/1.1" 200 - "http://127.0.0.1:5500/" "Mozilla/5.0 (Macintosh; Intel Mac OS X 10_15_7) AppleWebKit/537.36 (KHTML, like Gecko) Chrome/121.0.0.0 Safari/537.36"
::1 - - [08/Feb/2024:21:27:11 +0000] "GET /stream HTTP/1.1" 200 - "http://127.0.0.1:5500/" "Mozilla/5.0 (Macintosh; Intel Mac OS X 10_15_7) AppleWebKit/537.36 (KHTML, like Gecko) Chrome/121.0.0.0 Safari/537.36"
::1 - - [08/Feb/2024:21:27:11 +0000] "GET /stream HTTP/1.1" 200 - "http://127.0.0.1:5500/" "Mozilla/5.0 (Macintosh; Intel Mac OS X 10_15_7) AppleWebKit/537.36 (KHTML, like Gecko) Chrome/121.0.0.0 Safari/537.36"
::1 - - [08/Feb/2024:21:28:11 +0000] "POST /api/iot/ HTTP/1.1" 200 231 "-" "node"
::1 - - [08/Feb/2024:21:28:13 +0000] "POST /api/iot/ HTTP/1.1" 200 231 "-" "node"
::1 - - [08/Feb/2024:21:28:15 +0000] "POST /api/iot/ HTTP/1.1" 200 231 "-" "node"
::1 - - [08/Feb/2024:21:28:17 +0000] "POST /api/iot/ HTTP/1.1" 200 231 "-" "node"
::1 - - [08/Feb/2024:21:28:19 +0000] "POST /api/iot/ HTTP/1.1" 200 231 "-" "node"
::1 - - [08/Feb/2024:21:28:21 +0000] "POST /api/iot/ HTTP/1.1" 200 232 "-" "node"
::1 - - [08/Feb/2024:21:28:23 +0000] "POST /api/iot/ HTTP/1.1" 200 230 "-" "node"
::1 - - [08/Feb/2024:21:28:25 +0000] "POST /api/iot/ HTTP/1.1" 200 231 "-" "node"
::1 - - [08/Feb/2024:21:28:27 +0000] "POST /api/iot/ HTTP/1.1" 200 231 "-" "node"
::1 - - [08/Feb/2024:21:28:29 +0000] "POST /api/iot/ HTTP/1.1" 200 232 "-" "node"
::1 - - [08/Feb/2024:21:28:31 +0000] "POST /api/iot/ HTTP/1.1" 200 230 "-" "node"
::1 - - [08/Feb/2024:21:28:33 +0000] "POST /api/iot/ HTTP/1.1" 200 231 "-" "node"
::1 - - [08/Feb/2024:21:28:35 +0000] "POST /api/iot/ HTTP/1.1" 200 231 "-" "node"
::1 - - [08/Feb/2024:21:28:37 +0000] "POST /api/iot/ HTTP/1.1" 200 231 "-" "node"
::1 - - [08/Feb/2024:21:28:39 +0000] "POST /api/iot/ HTTP/1.1" 200 231 "-" "node"
::1 - - [08/Feb/2024:21:28:41 +0000] "POST /api/iot/ HTTP/1.1" 200 229 "-" "node"
::1 - - [08/Feb/2024:21:28:43 +0000] "POST /api/iot/ HTTP/1.1" 200 231 "-" "node"
::1 - - [08/Feb/2024:21:28:45 +0000] "POST /api/iot/ HTTP/1.1" 200 231 "-" "node"
::1 - - [08/Feb/2024:21:28:47 +0000] "POST /api/iot/ HTTP/1.1" 200 231 "-" "node"
::1 - - [08/Feb/2024:21:28:49 +0000] "POST /api/iot/ HTTP/1.1" 200 230 "-" "node"
::1 - - [08/Feb/2024:21:28:51 +0000] "POST /api/iot/ HTTP/1.1" 200 231 "-" "node"
::1 - - [08/Feb/2024:21:28:53 +0000] "POST /api/iot/ HTTP/1.1" 200 231 "-" "node"
::1 - - [08/Feb/2024:21:28:55 +0000] "POST /api/iot/ HTTP/1.1" 200 231 "-" "node"
::1 - - [08/Feb/2024:21:28:57 +0000] "POST /api/iot/ HTTP/1.1" 200 231 "-" "node"
::1 - - [08/Feb/2024:21:28:59 +0000] "POST /api/iot/ HTTP/1.1" 200 231 "-" "node"
::1 - - [08/Feb/2024:21:29:01 +0000] "POST /api/iot/ HTTP/1.1" 200 231 "-" "node"
::1 - - [08/Feb/2024:21:29:03 +0000] "POST /api/iot/ HTTP/1.1" 200 231 "-" "node"
::1 - - [08/Feb/2024:21:29:05 +0000] "POST /api/iot/ HTTP/1.1" 200 231 "-" "node"
::1 - - [08/Feb/2024:21:29:07 +0000] "POST /api/iot/ HTTP/1.1" 200 231 "-" "node"
::1 - - [08/Feb/2024:21:29:09 +0000] "POST /api/iot/ HTTP/1.1" 200 231 "-" "node"
::1 - - [08/Feb/2024:21:29:11 +0000] "POST /api/iot/ HTTP/1.1" 200 228 "-" "node"
::1 - - [08/Feb/2024:21:29:13 +0000] "POST /api/iot/ HTTP/1.1" 200 230 "-" "node"
::1 - - [08/Feb/2024:21:29:15 +0000] "POST /api/iot/ HTTP/1.1" 200 231 "-" "node"
::1 - - [08/Feb/2024:21:29:17 +0000] "POST /api/iot/ HTTP/1.1" 200 231 "-" "node"
::1 - - [08/Feb/2024:21:29:19 +0000] "POST /api/iot/ HTTP/1.1" 200 232 "-" "node"
::1 - - [08/Feb/2024:21:29:21 +0000] "POST /api/iot/ HTTP/1.1" 200 230 "-" "node"
::1 - - [08/Feb/2024:21:29:23 +0000] "POST /api/iot/ HTTP/1.1" 200 231 "-" "node"
::1 - - [08/Feb/2024:21:29:25 +0000] "POST /api/iot/ HTTP/1.1" 200 231 "-" "node"
::1 - - [08/Feb/2024:21:29:27 +0000] "POST /api/iot/ HTTP/1.1" 200 231 "-" "node"
::1 - - [08/Feb/2024:21:29:29 +0000] "POST /api/iot/ HTTP/1.1" 200 232 "-" "node"
::1 - - [08/Feb/2024:21:29:31 +0000] "POST /api/iot/ HTTP/1.1" 200 232 "-" "node"
::1 - - [08/Feb/2024:21:29:33 +0000] "POST /api/iot/ HTTP/1.1" 200 232 "-" "node"
::1 - - [08/Feb/2024:21:29:35 +0000] "POST /api/iot/ HTTP/1.1" 200 232 "-" "node"
::1 - - [08/Feb/2024:21:29:37 +0000] "POST /api/iot/ HTTP/1.1" 200 231 "-" "node"
::1 - - [08/Feb/2024:21:29:39 +0000] "POST /api/iot/ HTTP/1.1" 200 231 "-" "node"
::1 - - [08/Feb/2024:21:29:41 +0000] "POST /api/iot/ HTTP/1.1" 200 231 "-" "node"
::1 - - [08/Feb/2024:21:29:43 +0000] "POST /api/iot/ HTTP/1.1" 200 231 "-" "node"
::1 - - [08/Feb/2024:21:29:45 +0000] "POST /api/iot/ HTTP/1.1" 200 231 "-" "node"
::1 - - [08/Feb/2024:21:29:47 +0000] "POST /api/iot/ HTTP/1.1" 200 231 "-" "node"
::1 - - [08/Feb/2024:21:29:49 +0000] "POST /api/iot/ HTTP/1.1" 200 231 "-" "node"
::1 - - [08/Feb/2024:21:29:51 +0000] "POST /api/iot/ HTTP/1.1" 200 231 "-" "node"
::1 - - [08/Feb/2024:21:29:53 +0000] "POST /api/iot/ HTTP/1.1" 200 230 "-" "node"
::1 - - [08/Feb/2024:21:29:55 +0000] "POST /api/iot/ HTTP/1.1" 200 232 "-" "node"
::1 - - [08/Feb/2024:21:29:57 +0000] "POST /api/iot/ HTTP/1.1" 200 231 "-" "node"
::1 - - [08/Feb/2024:21:29:59 +0000] "POST /api/iot/ HTTP/1.1" 200 231 "-" "node"
127.0.0.1 - - [08/Feb/2024:21:55:24 +0000] "GET / HTTP/1.1" 200 10 "-" "Mozilla/5.0 (Macintosh; Intel Mac OS X 10_15_7) AppleWebKit/537.36 (KHTML, like Gecko) Chrome/121.0.0.0 Safari/537.36"
127.0.0.1 - - [08/Feb/2024:21:55:24 +0000] "GET / HTTP/1.1" 304 - "-" "Mozilla/5.0 (Macintosh; Intel Mac OS X 10_15_7) AppleWebKit/537.36 (KHTML, like Gecko) Chrome/121.0.0.0 Safari/537.36"
